<?xml version="1.0" encoding="UTF-8"?>
<!-- Generated by org.testng.reporters.JUnitXMLReporter -->
<testsuite hostname="GowrisankarPC" ignored="0" name="Test" tests="2" failures="0" timestamp="03 Sep 2018 04:11:25 GMT" time="0.045" errors="0">
  <testcase name="@BeforeClass setdata" time="0.0" classname="testcases.CreateLead">
    <failure type="org.testng.TestNGException" message="
Can inject only one of &amp;lt;ITestContext, XmlTest&amp;gt; into a @BeforeClass annotated setdata.
For more information on native dependency injection please refer to http://testng.org/doc/documentation-main.html#native-dependency-injection">
      <![CDATA[org.testng.TestNGException: 
Can inject only one of <ITestContext, XmlTest> into a @BeforeClass annotated setdata.
For more information on native dependency injection please refer to http://testng.org/doc/documentation-main.html#native-dependency-injection
... Removed 23 stack frames]]>
    </failure>
  </testcase> <!-- @BeforeClass setdata -->
  <testcase name="@BeforeMethod login" time="0.0" classname="testcases.ProjectMethods">
    <skipped/>
  </testcase> <!-- @BeforeMethod login -->
  <testcase name="@AfterMethod close" time="0.0" classname="testcases.ProjectMethods">
    <skipped/>
  </testcase> <!-- @AfterMethod close -->
  <testcase name="login" time="0.0" classname="testcases.ProjectMethods">
    <skipped/>
  </testcase> <!-- login -->
  <testcase name="CreateLeadTestCase" time="0.0" classname="testcases.CreateLead">
    <skipped/>
  </testcase> <!-- CreateLeadTestCase -->
</testsuite> <!-- Test -->
